e:\users\final\source\repos\cronohash\cronohash\x64\debug\vc143.pdb
e:\users\final\source\repos\cronohash\cronohash\x64\debug\vc143.idb
e:\users\final\source\repos\cronohash\cronohash\x64\debug\cronohashtests.obj
e:\users\final\source\repos\cronohash\cronohash\x64\debug\crono_quantum.obj
e:\users\final\source\repos\cronohash\cronohash\x64\debug\crono_math.obj
e:\users\final\source\repos\cronohash\cronohash\x64\debug\crono_hash.obj
e:\users\final\source\repos\cronohash\cronohash\x64\debug\cronohash.obj
e:\users\final\source\repos\cronohash\cronohash\x64\debug\crono_utils.obj
e:\users\final\source\repos\cronohash\x64\debug\cronohash.pdb
e:\users\final\source\repos\cronohash\cronohash\x64\debug\cronohash.tlog\cl.command.1.tlog
e:\users\final\source\repos\cronohash\cronohash\x64\debug\cronohash.tlog\cl.read.1.tlog
e:\users\final\source\repos\cronohash\cronohash\x64\debug\cronohash.tlog\cl.write.1.tlog
e:\users\final\source\repos\cronohash\cronohash\x64\debug\cronohash.tlog\link-cvtres.read.1.tlog
e:\users\final\source\repos\cronohash\cronohash\x64\debug\cronohash.tlog\link-cvtres.write.1.tlog
e:\users\final\source\repos\cronohash\cronohash\x64\debug\cronohash.tlog\link-rc.read.1.tlog
e:\users\final\source\repos\cronohash\cronohash\x64\debug\cronohash.tlog\link-rc.write.1.tlog
e:\users\final\source\repos\cronohash\cronohash\x64\debug\cronohash.tlog\link.command.1.tlog
e:\users\final\source\repos\cronohash\cronohash\x64\debug\cronohash.tlog\link.read.1.tlog
e:\users\final\source\repos\cronohash\cronohash\x64\debug\cronohash.tlog\link.read.2.tlog
e:\users\final\source\repos\cronohash\cronohash\x64\debug\cronohash.tlog\link.write.1.tlog
